<?xml version="1.0" encoding="UTF-8"?>
<!-- Generated by org.testng.reporters.JUnitReportReporter -->
<testsuite hostname="DESKTOP-JOQNLEJ" failures="0" tests="1" name="com.cronos.campaignmodule.CreatingCampaignWithEventsTest" time="9.283" errors="0" timestamp="02 Jun 2024 11:17:26 GMT" skipped="0">
  <testcase classname="com.cronos.campaignmodule.CreatingCampaignWithEventsTest" name="CreatingCampaignWithEventsTest" time="9.283"/>
</testsuite> <!-- com.cronos.campaignmodule.CreatingCampaignWithEventsTest -->
