<?xml version="1.0" encoding="UTF-8"?>
<!-- Generated by org.testng.reporters.JUnitReportReporter -->
<testsuite hostname="DESKTOP-JOQNLEJ" failures="0" tests="1" name="com.cronos.OpportunitiesModule.CreateCampaignTest" time="1.934" errors="1" timestamp="2024-06-02T22:11:33 IST" skipped="0">
  <testcase classname="com.cronos.OpportunitiesModule.CreateCampaignTest" name="createCampaign" time="1.934">
    <error message="Unresolved compilation problems: 
	Syntax error on tokens, delete these tokens
	Duplicate field CampaignEventsPage.eventname
	Duplicate field CampaignEventsPage.eventstartdate
	Syntax error on tokens, delete these tokens
	Duplicate field CampaignEventsPage.eventname
	Duplicate field CampaignEventsPage.eventstartdate
	Syntax error on tokens, delete these tokens
	Syntax error, insert &quot;)&quot; to complete Modifiers
" type="java.lang.Error">
      <![CDATA[java.lang.Error: Unresolved compilation problems: 
Syntax error on tokens, delete these tokens
Duplicate field CampaignEventsPage.eventname
Duplicate field CampaignEventsPage.eventstartdate
Syntax error on tokens, delete these tokens
Duplicate field CampaignEventsPage.eventname
Duplicate field CampaignEventsPage.eventstartdate
Syntax error on tokens, delete these tokens
Syntax error, insert ")" to complete Modifiers

at com.comcast.crm.objectrepositoryutility.CampaignEventsPage.<init>(CampaignEventsPage.java:16)
at com.cronos.OpportunitiesModule.CreateCampaignTest.createCampaign(CreateCampaignTest.java:28)
at java.base/jdk.internal.reflect.NativeMethodAccessorImpl.invoke0(Native Method)
at java.base/jdk.internal.reflect.NativeMethodAccessorImpl.invoke(NativeMethodAccessorImpl.java:77)
at java.base/jdk.internal.reflect.DelegatingMethodAccessorImpl.invoke(DelegatingMethodAccessorImpl.java:43)
at java.base/java.lang.reflect.Method.invoke(Method.java:568)
at org.testng.internal.MethodInvocationHelper.invokeMethod(MethodInvocationHelper.java:133)
at org.testng.internal.TestInvoker.invokeMethod(TestInvoker.java:598)
at org.testng.internal.TestInvoker.invokeTestMethod(TestInvoker.java:173)
at org.testng.internal.MethodRunner.runInSequence(MethodRunner.java:46)
at org.testng.internal.TestInvoker$MethodInvocationAgent.invoke(TestInvoker.java:824)
at org.testng.internal.TestInvoker.invokeTestMethods(TestInvoker.java:146)
at org.testng.internal.TestMethodWorker.invokeTestMethods(TestMethodWorker.java:146)
at org.testng.internal.TestMethodWorker.run(TestMethodWorker.java:128)
at java.base/java.util.ArrayList.forEach(ArrayList.java:1511)
at org.testng.TestRunner.privateRun(TestRunner.java:794)
at org.testng.TestRunner.run(TestRunner.java:596)
at org.testng.SuiteRunner.runTest(SuiteRunner.java:377)
at org.testng.SuiteRunner.runSequentially(SuiteRunner.java:371)
at org.testng.SuiteRunner.privateRun(SuiteRunner.java:332)
at org.testng.SuiteRunner.run(SuiteRunner.java:276)
at org.testng.SuiteRunnerWorker.runSuite(SuiteRunnerWorker.java:53)
at org.testng.SuiteRunnerWorker.run(SuiteRunnerWorker.java:96)
at org.testng.TestNG.runSuitesSequentially(TestNG.java:1212)
at org.testng.TestNG.runSuitesLocally(TestNG.java:1134)
at org.testng.TestNG.runSuites(TestNG.java:1063)
at org.testng.TestNG.run(TestNG.java:1031)
at org.testng.remote.AbstractRemoteTestNG.run(AbstractRemoteTestNG.java:115)
at org.testng.remote.RemoteTestNG.initAndRun(RemoteTestNG.java:251)
at org.testng.remote.RemoteTestNG.main(RemoteTestNG.java:77)
]]>
    </error>
  </testcase> <!-- createCampaign -->
  <system-out/>
</testsuite> <!-- com.cronos.OpportunitiesModule.CreateCampaignTest -->
