<?xml version="1.0" encoding="UTF-8"?>
<!-- Generated by org.testng.reporters.JUnitReportReporter -->
<testsuite hostname="DESKTOP-JOQNLEJ" failures="0" tests="1" name="com.cronos.campaignmodule.CreatingCampaignAndDeletingCampaignTest" time="7.536" errors="0" timestamp="2024-06-02T22:09:56 IST" skipped="0">
  <testcase classname="com.cronos.campaignmodule.CreatingCampaignAndDeletingCampaignTest" name="CreatingCampaignAndDeletingCampaignTest" time="7.536"/>
  <system-out/>
</testsuite> <!-- com.cronos.campaignmodule.CreatingCampaignAndDeletingCampaignTest -->
