<?xml version="1.0" encoding="UTF-8"?>
<!-- Generated by org.testng.reporters.JUnitReportReporter -->
<testsuite hostname="DESKTOP-JOQNLEJ" failures="0" tests="1" name="com.cronos.campaignmodule.CreatingCampaignAndDeletingCampaign" time="34.812" errors="0" timestamp="01 Jun 2024 06:17:12 GMT" skipped="0">
  <testcase classname="com.cronos.campaignmodule.CreatingCampaignAndDeletingCampaign" name="CreatingCampaignAndDeletingCampaign" time="34.812"/>
</testsuite> <!-- com.cronos.campaignmodule.CreatingCampaignAndDeletingCampaign -->
