<?xml version="1.0" encoding="UTF-8"?>
<!-- Generated by org.testng.reporters.JUnitReportReporter -->
<testsuite hostname="DESKTOP-JOQNLEJ" failures="0" tests="1" name="com.cronos.campaignmodule.CreatingCampaignWithEvents" time="29.682" errors="0" timestamp="01 Jun 2024 06:23:06 GMT" skipped="0">
  <testcase classname="com.cronos.campaignmodule.CreatingCampaignWithEvents" name="CreatingCampaignWithEvents" time="29.682"/>
</testsuite> <!-- com.cronos.campaignmodule.CreatingCampaignWithEvents -->
